#
# There is insufficient memory for the Java Runtime Environment to continue.
# Native memory allocation (malloc) failed to allocate 1588656 bytes for Chunk::new
# Possible reasons:
#   The system is out of physical RAM or swap space
#   In 32 bit mode, the process size limit was hit
# Possible solutions:
#   Reduce memory load on the system
#   Increase physical memory or swap space
#   Check if swap backing store is full
#   Use 64 bit Java on a 64 bit OS
#   Decrease Java heap size (-Xmx/-Xms)
#   Decrease number of Java threads
#   Decrease Java thread stack sizes (-Xss)
#   Set larger code cache with -XX:ReservedCodeCacheSize=
# This output file may be truncated or incomplete.
#
#  Out of Memory Error (allocation.cpp:390), pid=1304, tid=0x0000000000002480
#
# JRE version: Java(TM) SE Runtime Environment (8.0_101-b13) (build 1.8.0_101-b13)
# Java VM: Java HotSpot(TM) 64-Bit Server VM (25.101-b13 mixed mode windows-amd64 compressed oops)
# Failed to write core dump. Minidumps are not enabled by default on client versions of Windows
#

---------------  T H R E A D  ---------------

Current thread (0x0000000007b6c800):  JavaThread "C2 CompilerThread0" daemon [_thread_in_native, id=9344, stack(0x000000000a3c0000,0x000000000a4c0000)]

Stack: [0x000000000a3c0000,0x000000000a4c0000]
[error occurred during error reporting (printing stack bounds), id 0xc0000005]

Native frames: (J=compiled Java code, j=interpreted, Vv=VM code, C=native code)


Current CompileTask:
C2:3279684 21701   !   4       java.nio.file.Files::walkFileTree (355 bytes)


---------------  P R O C E S S  ---------------

Java Threads: ( => current thread )
  0x00000000606e3000 JavaThread "Forward streams with process: command 'D:\dev_tool\sdk\build-tools\25.0.2\aapt.exe' Thread 3" [_thread_in_native, id=3604, stack(0x00000000673b0000,0x00000000674b0000)]
  0x000000005e870800 JavaThread "Forward streams with process: command 'D:\dev_tool\sdk\build-tools\25.0.2\aapt.exe' Thread 2" [_thread_in_native, id=2376, stack(0x000000000e620000,0x000000000e720000)]
  0x000000005e876000 JavaThread "Forward streams with process: command 'D:\dev_tool\sdk\build-tools\25.0.2\aapt.exe'" [_thread_blocked, id=2192, stack(0x00000000670e0000,0x00000000671e0000)]
  0x000000005e876800 JavaThread "Run command 'D:\dev_tool\sdk\build-tools\25.0.2\aapt.exe'" [_thread_in_native, id=10520, stack(0x0000000066e70000,0x0000000066f70000)]
  0x000000005e873000 JavaThread "Thread-236" [_thread_blocked, id=2248, stack(0x0000000066c60000,0x0000000066d60000)]
  0x000000005e872000 JavaThread "Cache update executor" [_thread_blocked, id=8272, stack(0x000000000a220000,0x000000000a320000)]
  0x000000005e877800 JavaThread "Stdin handler" [_thread_blocked, id=3156, stack(0x0000000063af0000,0x0000000063bf0000)]
  0x000000005e873800 JavaThread "Asynchronous log dispatcher for DefaultDaemonConnection: socket connection from /127.0.0.1:38496 to /127.0.0.1:48256" [_thread_blocked, id=3508, stack(0x000000000e2b0000,0x000000000e3b0000)]
  0x0000000008c0d800 JavaThread "Daemon worker Thread 10" [_thread_blocked, id=4728, stack(0x000000005f3e0000,0x000000005f4e0000)]
  0x0000000008c0f000 JavaThread "Cancel handler" [_thread_blocked, id=8364, stack(0x000000000ddd0000,0x000000000ded0000)]
  0x0000000008c0b800 JavaThread "Handler for socket connection from /127.0.0.1:38496 to /127.0.0.1:48256" [_thread_in_native, id=6812, stack(0x000000000e100000,0x000000000e200000)]
  0x0000000008c0d000 JavaThread "Daemon Thread 10" [_thread_blocked, id=9592, stack(0x000000000a720000,0x000000000a820000)]
  0x000000000cfb9000 JavaThread "pool-24-thread-4" [_thread_blocked, id=2316, stack(0x0000000067270000,0x0000000067370000)]
  0x000000000cfb8800 JavaThread "pool-24-thread-3" [_thread_blocked, id=4692, stack(0x0000000068830000,0x0000000068930000)]
  0x000000000cfb7800 JavaThread "pool-24-thread-2" [_thread_blocked, id=9676, stack(0x0000000068620000,0x0000000068720000)]
  0x000000000cfb7000 JavaThread "pool-24-thread-1" [_thread_blocked, id=7820, stack(0x000000000dcd0000,0x000000000ddd0000)]
  0x0000000008c0c000 JavaThread "File lock request listener" [_thread_in_native, id=9776, stack(0x000000000dfa0000,0x000000000e0a0000)]
  0x000000000bc31800 JavaThread "Incoming local TCP Connector on port 38496" [_thread_in_native, id=9796, stack(0x000000000d8d0000,0x000000000d9d0000)]
  0x000000000b643800 JavaThread "pool-1-thread-1" [_thread_blocked, id=9212, stack(0x000000000d500000,0x000000000d600000)]
  0x0000000008bc1800 JavaThread "Service Thread" daemon [_thread_blocked, id=4172, stack(0x000000000a940000,0x000000000aa40000)]
  0x0000000008b86800 JavaThread "C1 CompilerThread3" daemon [_thread_blocked, id=10984, stack(0x000000000a820000,0x000000000a920000)]
  0x0000000008b2b000 JavaThread "C2 CompilerThread2" daemon [_thread_blocked, id=3684, stack(0x000000000a620000,0x000000000a720000)]
  0x0000000008b24800 JavaThread "C2 CompilerThread1" daemon [_thread_blocked, id=11012, stack(0x000000000a4d0000,0x000000000a5d0000)]
=>0x0000000007b6c800 JavaThread "C2 CompilerThread0" daemon [_thread_in_native, id=9344, stack(0x000000000a3c0000,0x000000000a4c0000)]
  0x0000000007b6a000 JavaThread "Attach Listener" daemon [_thread_blocked, id=3152, stack(0x0000000009ab0000,0x0000000009bb0000)]
  0x0000000008b17000 JavaThread "Signal Dispatcher" daemon [_thread_blocked, id=7872, stack(0x000000000a0e0000,0x000000000a1e0000)]
  0x0000000007b5b000 JavaThread "Finalizer" daemon [_thread_blocked, id=4792, stack(0x0000000009f00000,0x000000000a000000)]
  0x0000000008ab3800 JavaThread "Reference Handler" daemon [_thread_blocked, id=6900, stack(0x0000000009d80000,0x0000000009e80000)]
  0x00000000026ff000 JavaThread "main" [_thread_blocked, id=5364, stack(0x0000000002970000,0x0000000002a70000)]

Other Threads:
  0x0000000008ab0800 VMThread [stack: 0x0000000009be0000,0x0000000009ce0000] [id=9888]
  0x0000000008bc4000 WatcherThread [stack: 0x000000000aa90000,0x000000000ab90000] [id=11700]

VM state:not at safepoint (normal execution)

VM Mutex/Monitor currently owned by a thread: None

Heap:
 PSYoungGen      total 460288K, used 215371K [0x00000000e0000000, 0x00000000ffe00000, 0x0000000100000000)
  eden space 400384K, 52% used [0x00000000e0000000,0x00000000ecbcc2c0,0x00000000f8700000)
  from space 59904K, 11% used [0x00000000fc380000,0x00000000fca06ca8,0x00000000ffe00000)
  to   space 60928K, 0% used [0x00000000f8700000,0x00000000f8700000,0x00000000fc280000)
 ParOldGen       total 193536K, used 151780K [0x00000000a0000000, 0x00000000abd00000, 0x00000000e0000000)
  object space 193536K, 78% used [0x00000000a0000000,0x00000000a94390c0,0x00000000abd00000)
 Metaspace       used 77330K, capacity 82390K, committed 82708K, reserved 1122304K
  class space    used 9885K, capacity 10556K, committed 10772K, reserved 1048576K

Card table byte_map: [0x0000000002e30000,0x0000000003140000] byte_map_base: 0x0000000002930000

Marking Bits: (ParMarkBitMap*) 0x000000005fd1a6d0
 Begin Bits: [0x0000000003e70000, 0x0000000005670000)
 End Bits:   [0x0000000005670000, 0x0000000006e70000)

Polling page: 0x0000000000130000

CodeCache: size=245760Kb used=60383Kb max_used=60383Kb free=185376Kb
 bounds [0x000000000f010000, 0x0000000012b80000, 0x000000001e010000]
 total_blobs=17794 nmethods=16994 adapters=710
 compilation: enabled

Compilation events (10 events):
Event: 3278.278 Thread 0x0000000008b86800 nmethod 21696 0x0000000011724d90 code [0x0000000011724f60, 0x00000000117255e8]
Event: 3278.278 Thread 0x0000000008b86800 21699       3       com.android.manifmerger.Actions$Record::print (43 bytes)
Event: 3278.279 Thread 0x0000000008b86800 nmethod 21699 0x00000000127edc50 code [0x00000000127ede60, 0x00000000127eea38]
Event: 3278.279 Thread 0x0000000008b86800 21700       3       com.google.common.collect.ImmutableCollection$Builder::addAll (25 bytes)
Event: 3278.279 Thread 0x0000000008b86800 nmethod 21700 0x00000000121cd410 code [0x00000000121cd5a0, 0x00000000121cd9e8]
Event: 3278.279 Thread 0x0000000008b86800 21697       3       com.android.manifmerger.XmlDocument::getRawMinSdkVersion (53 bytes)
Event: 3278.280 Thread 0x0000000008b86800 nmethod 21697 0x0000000010111e90 code [0x00000000101120c0, 0x0000000010112a08]
Event: 3278.280 Thread 0x0000000008b86800 21698       1       com.sun.org.apache.xerces.internal.dom.CoreDocumentImpl::changes (5 bytes)
Event: 3278.280 Thread 0x0000000008b86800 nmethod 21698 0x00000000127ed950 code [0x00000000127edaa0, 0x00000000127edbb0]
Event: 3278.297 Thread 0x0000000007b6c800 21701   !   4       java.nio.file.Files::walkFileTree (355 bytes)

GC Heap History (10 events):
Event: 2384.860 GC heap before
{Heap before GC invocations=22 (full 4):
 PSYoungGen      total 451072K, used 41463K [0x00000000e0000000, 0x0000000100000000, 0x0000000100000000)
  eden space 409600K, 0% used [0x00000000e0000000,0x00000000e0000000,0x00000000f9000000)
  from space 41472K, 99% used [0x00000000fd780000,0x00000000ffffde58,0x0000000100000000)
  to   space 57344K, 0% used [0x00000000f9000000,0x00000000f9000000,0x00000000fc800000)
 ParOldGen       total 121344K, used 114237K [0x00000000a0000000, 0x00000000a7680000, 0x00000000e0000000)
  object space 121344K, 94% used [0x00000000a0000000,0x00000000a6f8f638,0x00000000a7680000)
 Metaspace       used 76113K, capacity 80736K, committed 81044K, reserved 1120256K
  class space    used 9837K, capacity 10568K, committed 10644K, reserved 1048576K
Event: 2385.435 GC heap after
Heap after GC invocations=22 (full 4):
 PSYoungGen      total 451072K, used 0K [0x00000000e0000000, 0x0000000100000000, 0x0000000100000000)
  eden space 409600K, 0% used [0x00000000e0000000,0x00000000e0000000,0x00000000f9000000)
  from space 41472K, 0% used [0x00000000fd780000,0x00000000fd780000,0x0000000100000000)
  to   space 57344K, 0% used [0x00000000f9000000,0x00000000f9000000,0x00000000fc800000)
 ParOldGen       total 193536K, used 103528K [0x00000000a0000000, 0x00000000abd00000, 0x00000000e0000000)
  object space 193536K, 53% used [0x00000000a0000000,0x00000000a651a028,0x00000000abd00000)
 Metaspace       used 74351K, capacity 77910K, committed 81044K, reserved 1120256K
  class space    used 9455K, capacity 9968K, committed 10644K, reserved 1048576K
}
Event: 2386.342 GC heap before
{Heap before GC invocations=23 (full 4):
 PSYoungGen      total 451072K, used 409600K [0x00000000e0000000, 0x0000000100000000, 0x0000000100000000)
  eden space 409600K, 100% used [0x00000000e0000000,0x00000000f9000000,0x00000000f9000000)
  from space 41472K, 0% used [0x00000000fd780000,0x00000000fd780000,0x0000000100000000)
  to   space 57344K, 0% used [0x00000000f9000000,0x00000000f9000000,0x00000000fc800000)
 ParOldGen       total 193536K, used 103528K [0x00000000a0000000, 0x00000000abd00000, 0x00000000e0000000)
  object space 193536K, 53% used [0x00000000a0000000,0x00000000a651a028,0x00000000abd00000)
 Metaspace       used 74439K, capacity 77974K, committed 81044K, reserved 1120256K
  class space    used 9455K, capacity 9968K, committed 10644K, reserved 1048576K
Event: 2386.386 GC heap after
Heap after GC invocations=23 (full 4):
 PSYoungGen      total 464384K, used 54674K [0x00000000e0000000, 0x0000000100000000, 0x0000000100000000)
  eden space 409600K, 0% used [0x00000000e0000000,0x00000000e0000000,0x00000000f9000000)
  from space 54784K, 99% used [0x00000000f9000000,0x00000000fc5648c8,0x00000000fc580000)
  to   space 59904K, 0% used [0x00000000fc580000,0x00000000fc580000,0x0000000100000000)
 ParOldGen       total 193536K, used 103528K [0x00000000a0000000, 0x00000000abd00000, 0x00000000e0000000)
  object space 193536K, 53% used [0x00000000a0000000,0x00000000a651a028,0x00000000abd00000)
 Metaspace       used 74439K, capacity 77974K, committed 81044K, reserved 1120256K
  class space    used 9455K, capacity 9968K, committed 10644K, reserved 1048576K
}
Event: 2387.597 GC heap before
{Heap before GC invocations=24 (full 4):
 PSYoungGen      total 464384K, used 464274K [0x00000000e0000000, 0x0000000100000000, 0x0000000100000000)
  eden space 409600K, 100% used [0x00000000e0000000,0x00000000f9000000,0x00000000f9000000)
  from space 54784K, 99% used [0x00000000f9000000,0x00000000fc5648c8,0x00000000fc580000)
  to   space 59904K, 0% used [0x00000000fc580000,0x00000000fc580000,0x0000000100000000)
 ParOldGen       total 193536K, used 103528K [0x00000000a0000000, 0x00000000abd00000, 0x00000000e0000000)
  object space 193536K, 53% used [0x00000000a0000000,0x00000000a651a028,0x00000000abd00000)
 Metaspace       used 74511K, capacity 78134K, committed 81044K, reserved 1120256K
  class space    used 9457K, capacity 10000K, committed 10644K, reserved 1048576K
Event: 2387.638 GC heap after
Heap after GC invocations=24 (full 4):
 PSYoungGen      total 460288K, used 24468K [0x00000000e0000000, 0x0000000100000000, 0x0000000100000000)
  eden space 400384K, 0% used [0x00000000e0000000,0x00000000e0000000,0x00000000f8700000)
  from space 59904K, 40% used [0x00000000fc580000,0x00000000fdd65398,0x0000000100000000)
  to   space 61952K, 0% used [0x00000000f8700000,0x00000000f8700000,0x00000000fc380000)
 ParOldGen       total 193536K, used 128852K [0x00000000a0000000, 0x00000000abd00000, 0x00000000e0000000)
  object space 193536K, 66% used [0x00000000a0000000,0x00000000a7dd5120,0x00000000abd00000)
 Metaspace       used 74511K, capacity 78134K, committed 81044K, reserved 1120256K
  class space    used 9457K, capacity 10000K, committed 10644K, reserved 1048576K
}
Event: 2947.642 GC heap before
{Heap before GC invocations=25 (full 4):
 PSYoungGen      total 460288K, used 424852K [0x00000000e0000000, 0x0000000100000000, 0x0000000100000000)
  eden space 400384K, 100% used [0x00000000e0000000,0x00000000f8700000,0x00000000f8700000)
  from space 59904K, 40% used [0x00000000fc580000,0x00000000fdd65398,0x0000000100000000)
  to   space 61952K, 0% used [0x00000000f8700000,0x00000000f8700000,0x00000000fc380000)
 ParOldGen       total 193536K, used 128852K [0x00000000a0000000, 0x00000000abd00000, 0x00000000e0000000)
  object space 193536K, 66% used [0x00000000a0000000,0x00000000a7dd5120,0x00000000abd00000)
 Metaspace       used 75969K, capacity 79630K, committed 81812K, reserved 1120256K
  class space    used 9654K, capacity 10192K, committed 10644K, reserved 1048576K
Event: 2947.666 GC heap after
Heap after GC invocations=25 (full 4):
 PSYoungGen      total 462336K, used 6886K [0x00000000e0000000, 0x0000000100000000, 0x0000000100000000)
  eden space 400384K, 0% used [0x00000000e0000000,0x00000000e0000000,0x00000000f8700000)
  from space 61952K, 11% used [0x00000000f8700000,0x00000000f8db9a00,0x00000000fc380000)
  to   space 61952K, 0% used [0x00000000fc380000,0x00000000fc380000,0x0000000100000000)
 ParOldGen       total 193536K, used 148816K [0x00000000a0000000, 0x00000000abd00000, 0x00000000e0000000)
  object space 193536K, 76% used [0x00000000a0000000,0x00000000a91540f0,0x00000000abd00000)
 Metaspace       used 75969K, capacity 79630K, committed 81812K, reserved 1120256K
  class space    used 9654K, capacity 10192K, committed 10644K, reserved 1048576K
}
Event: 3194.241 GC heap before
{Heap before GC invocations=26 (full 4):
 PSYoungGen      total 462336K, used 407270K [0x00000000e0000000, 0x0000000100000000, 0x0000000100000000)
  eden space 400384K, 100% used [0x00000000e0000000,0x00000000f8700000,0x00000000f8700000)
  from space 61952K, 11% used [0x00000000f8700000,0x00000000f8db9a00,0x00000000fc380000)
  to   space 61952K, 0% used [0x00000000fc380000,0x00000000fc380000,0x0000000100000000)
 ParOldGen       total 193536K, used 148816K [0x00000000a0000000, 0x00000000abd00000, 0x00000000e0000000)
  object space 193536K, 76% used [0x00000000a0000000,0x00000000a91540f0,0x00000000abd00000)
 Metaspace       used 76829K, capacity 81316K, committed 82324K, reserved 1120256K
  class space    used 9797K, capacity 10405K, committed 10644K, reserved 1048576K
Event: 3194.252 GC heap after
Heap after GC invocations=26 (full 4):
 PSYoungGen      total 460288K, used 6683K [0x00000000e0000000, 0x00000000ffe00000, 0x0000000100000000)
  eden space 400384K, 0% used [0x00000000e0000000,0x00000000e0000000,0x00000000f8700000)
  from space 59904K, 11% used [0x00000000fc380000,0x00000000fca06ca8,0x00000000ffe00000)
  to   space 60928K, 0% used [0x00000000f8700000,0x00000000f8700000,0x00000000fc280000)
 ParOldGen       total 193536K, used 151780K [0x00000000a0000000, 0x00000000abd00000, 0x00000000e0000000)
  object space 193536K, 78% used [0x00000000a0000000,0x00000000a94390c0,0x00000000abd00000)
 Metaspace       used 76829K, capacity 81316K, committed 82324K, reserved 1120256K
  class space    used 9797K, capacity 10405K, committed 10644K, reserved 1048576K
}

Deoptimization events (10 events):
Event: 2982.520 Thread 0x00000000606e1800 Uncommon trap: reason=class_check action=maybe_recompile pc=0x00000000124ed5b0 method=com.android.dx.ssa.SsaConverter.placePhiFunctions(Lcom/android/dx/ssa/SsaMethod;Lcom/android/dx/ssa/LocalVariableInfo;I)V @ 257
Event: 3194.352 Thread 0x0000000008c0b800 Uncommon trap: reason=unstable_if action=reinterpret pc=0x00000000128adf60 method=sun.nio.fs.NativeBuffers.getNativeBuffer(I)Lsun/nio/fs/NativeBuffer; @ 6
Event: 3194.387 Thread 0x0000000008c0b800 Uncommon trap: reason=class_check action=maybe_recompile pc=0x0000000011f8586c method=java.util.stream.AbstractPipeline.wrapAndCopyInto(Ljava/util/stream/Sink;Ljava/util/Spliterator;)Ljava/util/stream/Sink; @ 6
Event: 3194.387 Thread 0x0000000008c0b800 Uncommon trap: reason=class_check action=maybe_recompile pc=0x0000000011f8586c method=java.util.stream.AbstractPipeline.wrapAndCopyInto(Ljava/util/stream/Sink;Ljava/util/Spliterator;)Ljava/util/stream/Sink; @ 6
Event: 3194.390 Thread 0x0000000008c0b800 Uncommon trap: reason=class_check action=maybe_recompile pc=0x0000000011f8586c method=java.util.stream.AbstractPipeline.wrapAndCopyInto(Ljava/util/stream/Sink;Ljava/util/Spliterator;)Ljava/util/stream/Sink; @ 6
Event: 3194.390 Thread 0x0000000008c0b800 Uncommon trap: reason=class_check action=maybe_recompile pc=0x0000000011f8586c method=java.util.stream.AbstractPipeline.wrapAndCopyInto(Ljava/util/stream/Sink;Ljava/util/Spliterator;)Ljava/util/stream/Sink; @ 6
Event: 3194.713 Thread 0x0000000008c0b800 Uncommon trap: reason=bimorphic action=maybe_recompile pc=0x00000000113d7324 method=com.google.common.collect.AbstractMapBasedMultimap$Itr.hasNext()Z @ 16
Event: 3194.826 Thread 0x0000000008c0b800 Uncommon trap: reason=unstable_if action=reinterpret pc=0x0000000011513cd8 method=com.sun.tools.javac.code.Scope.lookup(Lcom/sun/tools/javac/util/Name;Lcom/sun/tools/javac/util/Filter;)Lcom/sun/tools/javac/code/Scope$Entry; @ 19
Event: 3194.826 Thread 0x0000000008c0b800 Uncommon trap: reason=class_check action=maybe_recompile pc=0x0000000011cb233c method=com.sun.tools.javac.code.Type$ClassType.allparams()Lcom/sun/tools/javac/util/List; @ 16
Event: 3195.138 Thread 0x000000000cfb7800 Uncommon trap: reason=array_check action=maybe_recompile pc=0x000000000f198920 method=java.util.TimSort.binarySort([Ljava/lang/Object;IIILjava/util/Comparator;)V @ 215

Internal exceptions (10 events):
Event: 2980.730 Thread 0x0000000008c0f000 Exception <a 'java/lang/ClassNotFoundException': asLocalRepo9998_envg1p0x3zh9j7vy6flil40wsCustomizer> (0x00000000e84492e0) thrown at [C:\re\workspace\8-2-build-windows-amd64-cygwin\jdk8u101\7261\hotspot\src\share\vm\classfile\systemDictionary.cpp, line 210Ã6Ö)Jß@
Event: 2981.081 Thread 0x0000000008c0f000 Implicit null exception at 0x000000000fa62e67 to 0x000000000fa6361d
Event: 2982.132 Thread 0x0000000008c0f000 Exception <a 'java/lang/NoSuchMethodError': java.lang.Object.lambda$asRunnable$0(Lcom/android/apkzlib/utils/IOExceptionRunnable;)V> (0x00000000ede36a90) thrown at [C:\re\workspace\8-2-build-windows-amd64-cygwin\jdk8u101\7261\hotspot\src\share\vm\interprete$êãNß@
Event: 2983.038 Thread 0x0000000008c0f000 Exception <a 'sun/nio/fs/WindowsException'> (0x00000000f5e268d0) thrown at [C:\re\workspace\8-2-build-windows-amd64-cygwin\jdk8u101\7261\hotspot\src\share\vm\prims\jni.cpp, line 709]
Event: 3194.077 Thread 0x0000000008c0b800 Exception <a 'java/lang/ClassNotFoundException': asLocalRepo6299_acwasigv75csa2kccuadls47yBeanInfo> (0x00000000f643e9f8) thrown at [C:\re\workspace\8-2-build-windows-amd64-cygwin\jdk8u101\7261\hotspot\src\share\vm\classfile\systemDictionary.cpp, line 210]
Event: 3194.078 Thread 0x0000000008c0b800 Exception <a 'java/lang/ClassNotFoundException': asLocalRepo6299_acwasigv75csa2kccuadls47yCustomizer> (0x00000000f644a028) thrown at [C:\re\workspace\8-2-build-windows-amd64-cygwin\jdk8u101\7261\hotspot\src\share\vm\classfile\systemDictionary.cpp, line 210
Event: 3194.352 Thread 0x0000000008c0b800 Implicit null exception at 0x00000000128aa234 to 0x00000000128adf2d
Event: 3195.598 Thread 0x0000000008c0b800 Exception <a 'sun/nio/fs/WindowsException'> (0x00000000e8123aa8) thrown at [C:\re\workspace\8-2-build-windows-amd64-cygwin\jdk8u101\7261\hotspot\src\share\vm\prims\jni.cpp, line 709]
Event: 3277.740 Thread 0x0000000008c0d800 Exception <a 'java/lang/ClassNotFoundException': asLocalRepo10978_2fzht8jo6uiz7nnulpox7bngjBeanInfo> (0x00000000e882d410) thrown at [C:\re\workspace\8-2-build-windows-amd64-cygwin\jdk8u101\7261\hotspot\src\share\vm\classfile\systemDictionary.cpp, line 210]Ü:3‹zõ©@
Event: 3277.740 Thread 0x0000000008c0d800 Exception <a 'java/lang/ClassNotFoundException': asLocalRepo10978_2fzht8jo6uiz7nnulpox7bngjCustomizer> (0x00000000e8838a60) thrown at [C:\re\workspace\8-2-build-windows-amd64-cygwin\jdk8u101\7261\hotspot\src\share\vm\classfile\systemDictionary.cpp, line 21æ!¥

Events (10 events):
Event: 3278.085 Thread 0x0000000008c0d800 DEOPT PACKING pc=0x000000001281c695 sp=0x000000005f4dbb10
Event: 3278.085 Thread 0x0000000008c0d800 DEOPT UNPACKING pc=0x000000000f05787f sp=0x000000005f4db878 mode 0
Event: 3278.114 Thread 0x000000005e872000 Thread added: 0x000000005e872000
Event: 3278.326 Thread 0x000000005e873000 Thread added: 0x000000005e873000
Event: 3278.327 Thread 0x000000005e876800 Thread added: 0x000000005e876800
Event: 3278.329 Thread 0x000000005e874800 Thread added: 0x000000005e874800
Event: 3278.329 Thread 0x000000005e876000 Thread added: 0x000000005e876000
Event: 3278.329 Thread 0x000000005e870800 Thread added: 0x000000005e870800
Event: 3278.329 Thread 0x00000000606e3000 Thread added: 0x00000000606e3000
Event: 3278.329 Thread 0x000000005e874800 Thread exited: 0x000000005e874800


Dynamic libraries:
0x000000013ffc0000 - 0x000000013fff7000 	D:\Program Files\Java\jdk1.8.0_101\bin\java.exe
0x0000000077010000 - 0x00000000771b9000 	C:\Windows\SYSTEM32\ntdll.dll
0x0000000076ef0000 - 0x000000007700f000 	C:\Windows\system32\kernel32.dll
0x000007fefd180000 - 0x000007fefd1eb000 	C:\Windows\system32\KERNELBASE.dll
0x000007fefdf10000 - 0x000007fefdfeb000 	C:\Windows\system32\ADVAPI32.dll
0x000007fefd800000 - 0x000007fefd89f000 	C:\Windows\system32\msvcrt.dll
0x000007fefd8d0000 - 0x000007fefd8ef000 	C:\Windows\SYSTEM32\sechost.dll
0x000007fefda70000 - 0x000007fefdb9d000 	C:\Windows\system32\RPCRT4.dll
0x0000000076df0000 - 0x0000000076eea000 	C:\Windows\system32\USER32.dll
0x000007fefd510000 - 0x000007fefd577000 	C:\Windows\system32\GDI32.dll
0x000007fefd7f0000 - 0x000007fefd7fe000 	C:\Windows\system32\LPK.dll
0x000007fefdc20000 - 0x000007fefdce9000 	C:\Windows\system32\USP10.dll
0x000007fefb860000 - 0x000007fefba54000 	C:\Windows\WinSxS\amd64_microsoft.windows.common-controls_6595b64144ccf1df_6.0.7601.17514_none_fa396087175ac9ac\COMCTL32.dll
0x000007fefdba0000 - 0x000007fefdc11000 	C:\Windows\system32\SHLWAPI.dll
0x000007fefd8a0000 - 0x000007fefd8ce000 	C:\Windows\system32\IMM32.DLL
0x000007fefe0f0000 - 0x000007fefe1f9000 	C:\Windows\system32\MSCTF.dll
0x000007fefcf30000 - 0x000007fefcf5f000 	C:\Windows\system32\nvinitx.dll
0x000000000f000000 - 0x000000000f006000 	C:\Program Files\NVIDIA Corporation\CoProcManager\_etoured.dll
0x000007fefa480000 - 0x000007fefa4df000 	C:\Program Files\NVIDIA Corporation\CoProcManager\nvd3d9wrapx.dll
0x000007fefd330000 - 0x000007fefd507000 	C:\Windows\system32\SETUPAPI.dll
0x000007fefd210000 - 0x000007fefd246000 	C:\Windows\system32\CFGMGR32.dll
0x000007fefde10000 - 0x000007fefdee7000 	C:\Windows\system32\OLEAUT32.dll
0x000007feff110000 - 0x000007feff313000 	C:\Windows\system32\ole32.dll
0x000007fefd1f0000 - 0x000007fefd20a000 	C:\Windows\system32\DEVOBJ.dll
0x000007fefa380000 - 0x000007fefa3c6000 	C:\Program Files\NVIDIA Corporation\CoProcManager\nvdxgiwrapx.dll
0x000000006a6b0000 - 0x000000006a782000 	D:\Program Files\Java\jdk1.8.0_101\jre\bin\msvcr100.dll
0x000000005f500000 - 0x000000005fd9a000 	D:\Program Files\Java\jdk1.8.0_101\jre\bin\server\jvm.dll
0x000007fef7cb0000 - 0x000007fef7cb9000 	C:\Windows\system32\WSOCK32.dll
0x000007fefd8f0000 - 0x000007fefd93d000 	C:\Windows\system32\WS2_32.dll
0x000007fefd580000 - 0x000007fefd588000 	C:\Windows\system32\NSI.dll
0x000007fefaf60000 - 0x000007fefaf9b000 	C:\Windows\system32\WINMM.dll
0x000007fefc020000 - 0x000007fefc02c000 	C:\Windows\system32\VERSION.dll
0x00000000771d0000 - 0x00000000771d7000 	C:\Windows\system32\PSAPI.DLL
0x0000000073210000 - 0x000000007321f000 	D:\Program Files\Java\jdk1.8.0_101\jre\bin\verify.dll
0x000000006d9c0000 - 0x000000006d9e9000 	D:\Program Files\Java\jdk1.8.0_101\jre\bin\java.dll
0x00000000731f0000 - 0x0000000073206000 	D:\Program Files\Java\jdk1.8.0_101\jre\bin\zip.dll
0x000007fefe200000 - 0x000007fefef88000 	C:\Windows\system32\SHELL32.dll
0x000007fefcf60000 - 0x000007fefcf6f000 	C:\Windows\system32\profapi.dll
0x000000006d9a0000 - 0x000000006d9ba000 	D:\Program Files\Java\jdk1.8.0_101\jre\bin\net.dll
0x000007fefc800000 - 0x000007fefc855000 	C:\Windows\system32\mswsock.dll
0x000007fefc7f0000 - 0x000007fefc7f7000 	C:\Windows\System32\wship6.dll
0x000000006c670000 - 0x000000006c681000 	D:\Program Files\Java\jdk1.8.0_101\jre\bin\nio.dll
0x000007fef85d0000 - 0x000007fef85ee000 	C:\Users\liucx\.gradle\native\23\windows-amd64\native-platform.dll
0x000007fefc860000 - 0x000007fefc877000 	C:\Windows\system32\CRYPTSP.dll
0x000007fefc560000 - 0x000007fefc5a7000 	C:\Windows\system32\rsaenh.dll
0x000007fefc230000 - 0x000007fefc24e000 	C:\Windows\system32\USERENV.dll
0x000007fefce60000 - 0x000007fefce6f000 	C:\Windows\system32\CRYPTBASE.dll
0x000007fef95c0000 - 0x000007fef95e7000 	C:\Windows\system32\IPHLPAPI.DLL
0x000007fef95b0000 - 0x000007fef95bb000 	C:\Windows\system32\WINNSI.DLL
0x000007fef98b0000 - 0x000007fef98c8000 	C:\Windows\system32\dhcpcsvc.DLL
0x000007fef9890000 - 0x000007fef98a1000 	C:\Windows\system32\dhcpcsvc6.DLL
0x0000000073660000 - 0x000000007366d000 	D:\Program Files\Java\jdk1.8.0_101\jre\bin\management.dll
0x000007fefcdc0000 - 0x000007fefce17000 	C:\Windows\system32\apphelp.dll
0x0000000072f40000 - 0x0000000072f64000 	D:\Program Files\Java\jdk1.8.0_101\jre\bin\sunec.dll
0x0000000073580000 - 0x000000007358b000 	D:\Program Files\Java\jdk1.8.0_101\jre\bin\sunmscapi.dll
0x0000000068b30000 - 0x0000000068c97000 	C:\Windows\system32\CRYPT32.dll
0x000007fefd000000 - 0x000007fefd00f000 	C:\Windows\system32\MSASN1.dll

VM Arguments:
jvm_args: -Xmx1536m -Dfile.encoding=GBK -Duser.country=CN -Duser.language=zh -Duser.variant 
java_command: org.gradle.launcher.daemon.bootstrap.GradleDaemon 3.3
java_class_path (initial): C:\Users\liucx\.gradle\wrapper\dists\gradle-3.3-all\55gk2rcmfc6p2dg9u9ohc3hw9\gradle-3.3\lib\gradle-launcher-3.3.jar
Launcher Type: SUN_STANDARD

Environment Variables:
PATH=C:\ProgramData\Oracle\Java\javapath;C:\Program Files (x86)\Intel\iCLS Client\;C:\Program Files\Intel\iCLS Client\;C:\Windows\system32;C:\Windows;C:\Windows\System32\Wbem;C:\Windows\System32\WindowsPowerShell\v1.0\;C:\Program Files (x86)\Intel\OpenCL SDK\2.0\bin\x86;C:\Program Files (x86)\Intel\OpenCL SDK\2.0\bin\x64;C:\Program Files\Intel\Intel(R) Management Engine Components\DAL;C:\Program Files\Intel\Intel(R) Management Engine Components\IPT;C:\Program Files (x86)\Intel\Intel(R) Management Engine Components\DAL;C:\Program Files (x86)\Intel\Intel(R) Management Engine Components\IPT;C:\Program Files\Intel\WiFi\bin\;C:\Program Files\Common Files\Intel\WirelessCommon\;D:\dev_tool\glo653wb\bin;d:\Program Files (x86)\Git\cmd;d:\Program Files (x86)\Git\mingw32\bin;d:\Program Files (x86)\Git\usr\bin;D:\dev_tool\android-ndk-r12b;D:\Program Files\nodejs\;C:\Program Files (x86)\Windows Kits\8.0\Windows Performance Toolkit\;C:\Strawberry\c\bin;C:\Strawberry\perl\site\bin;C:\Strawberry\perl\bin;C:\Program Files\Intel\WiFi\bin\;C:\Program Files\Common Files\Intel\WirelessCommon\;D:\dev_tool\sdk\platform-tools;C:\Users\liucx\AppData\Roaming\npm;D:\Program Files (x86)\CodeBlocks\MinGW\bin;C:\Python27;D:\dev_tool\sdk\cmake\3.6.3155560\bin
USERNAME=liucx
OS=Windows_NT
PROCESSOR_IDENTIFIER=Intel64 Family 6 Model 58 Stepping 9, GenuineIntel



---------------  S Y S T E M  ---------------

OS: Windows 7 , 64 bit Build 7601 (6.1.7601.17514)

CPU:total 8 (4 cores per cpu, 2 threads per core) family 6 model 58 stepping 9, cmov, cx8, fxsr, mmx, sse, sse2, sse3, ssse3, sse4.1, sse4.2, popcnt, avx, aes, clmul, erms, ht, tsc, tscinvbit, tscinv

Memory: 4k page, physical 8245308k(883984k free), swap 8243464k(5264k free)

vm_info: Java HotSpot(TM) 64-Bit Server VM (25.101-b13) for windows-amd64 JRE (1.8.0_101-b13), built on Jun 22 2016 01:21:29 by "java_re" with MS VC++ 10.0 (VS2010)

time: Sat Nov 04 20:47:48 2017
elapsed time: 3278 seconds (0d 0h 54m 38s)

